<?xml version="1.0" encoding="UTF-8"?>
<robot generator="Robot 5.0 (Python 3.9.5 on win32)" generated="20220506 16:11:10.768" rpa="false" schemaversion="3">
<suite id="s1" name="AvailabilityOfProduct" source="C:\Users\DELL\PycharmProjects\DigikalaTest\TestCase\AvailabilityOfProduct.robot">
<kw name="Valid LogIn" library="LogInToDigikala" type="SETUP">
<kw name="Set Selenium Speed" library="SeleniumLibrary">
<arg>${SPEED}</arg>
<doc>Sets the delay that is waited after each Selenium command.</doc>
<status status="PASS" starttime="20220506 16:11:11.196" endtime="20220506 16:11:11.196"/>
</kw>
<kw name="Set Selenium Timeout" library="SeleniumLibrary">
<arg>${TIMEOUT}</arg>
<doc>Sets the timeout that is used by various keywords.</doc>
<status status="PASS" starttime="20220506 16:11:11.197" endtime="20220506 16:11:11.197"/>
</kw>
<kw name="Set Selenium Implicit Wait" library="SeleniumLibrary">
<arg>${WAIT}</arg>
<doc>Sets the implicit wait value used by Selenium.</doc>
<status status="PASS" starttime="20220506 16:11:11.197" endtime="20220506 16:11:11.198"/>
</kw>
<kw name="Open Browser" library="SeleniumLibrary">
<arg>${URL}</arg>
<arg>${BROWSER}</arg>
<arg>options=add_argument("--ignore-certificate-errors")</arg>
<doc>Opens a new browser instance to the optional ``url``.</doc>
<msg timestamp="20220506 16:11:11.199" level="INFO">Opening browser 'chrome' to base url 'https://www.digikala.com/'.</msg>
<status status="PASS" starttime="20220506 16:11:11.198" endtime="20220506 16:12:18.103"/>
</kw>
<kw name="Maximize Browser Window" library="SeleniumLibrary">
<doc>Maximizes current browser window.</doc>
<status status="PASS" starttime="20220506 16:12:18.104" endtime="20220506 16:12:18.614"/>
</kw>
<kw name="Set Selenium Implicit Wait" library="SeleniumLibrary">
<arg>20s</arg>
<doc>Sets the implicit wait value used by Selenium.</doc>
<status status="PASS" starttime="20220506 16:12:18.615" endtime="20220506 16:12:18.624"/>
</kw>
<kw name="Wait Until Element Is Visible" library="SeleniumLibrary">
<arg>${logInButton}</arg>
<doc>Waits until the element ``locator`` is visible.</doc>
<status status="PASS" starttime="20220506 16:12:18.624" endtime="20220506 16:12:19.045"/>
</kw>
<kw name="Click Element" library="SeleniumLibrary">
<arg>${LogInButton}</arg>
<doc>Click the element identified by ``locator``.</doc>
<msg timestamp="20220506 16:12:19.046" level="INFO">Clicking element 'xpath=//*[@id="base_layout_desktop_fixed_header"]/header/div/div/div/div[2]/a/div[2]'.</msg>
<status status="PASS" starttime="20220506 16:12:19.045" endtime="20220506 16:12:19.370"/>
</kw>
<kw name="Wait Until Page Contains Element" library="SeleniumLibrary">
<arg>name=username</arg>
<doc>Waits until the element ``locator`` appears on the current page.</doc>
<status status="PASS" starttime="20220506 16:12:19.371" endtime="20220506 16:12:19.456"/>
</kw>
<kw name="Input Text" library="SeleniumLibrary">
<arg>${usernameField}</arg>
<arg>${USERNAME}</arg>
<doc>Types the given ``text`` into the text field identified by ``locator``.</doc>
<msg timestamp="20220506 16:12:19.457" level="INFO">Typing text 'Zahra.almas75@gmail.com' into text field '//*[@name="username"]'.</msg>
<status status="PASS" starttime="20220506 16:12:19.456" endtime="20220506 16:12:19.744"/>
</kw>
<kw name="Wait Until Page Contains Element" library="SeleniumLibrary">
<arg>${usernameSubmitButton}</arg>
<doc>Waits until the element ``locator`` appears on the current page.</doc>
<status status="PASS" starttime="20220506 16:12:19.745" endtime="20220506 16:12:19.768"/>
</kw>
<kw name="Click Element" library="SeleniumLibrary">
<arg>${usernameSubmitButton}</arg>
<doc>Click the element identified by ``locator``.</doc>
<msg timestamp="20220506 16:12:19.769" level="INFO">Clicking element '//div[contains(text(),'ورود')]'.</msg>
<status status="PASS" starttime="20220506 16:12:19.768" endtime="20220506 16:12:19.885"/>
</kw>
<kw name="Wait Until Page Contains Element" library="SeleniumLibrary">
<arg>name:password</arg>
<doc>Waits until the element ``locator`` appears on the current page.</doc>
<status status="PASS" starttime="20220506 16:12:19.885" endtime="20220506 16:12:20.172"/>
</kw>
<kw name="Input Text" library="SeleniumLibrary">
<arg>${passwordField}</arg>
<arg>${PASSWORD}</arg>
<doc>Types the given ``text`` into the text field identified by ``locator``.</doc>
<msg timestamp="20220506 16:12:20.172" level="INFO">Typing text 'Fatemeh9673118' into text field '//*[@id="__next"]/main/div[2]/form/label/div/div[1]/input'.</msg>
<status status="PASS" starttime="20220506 16:12:20.172" endtime="20220506 16:12:20.351"/>
</kw>
<kw name="Wait Until Page Contains Element" library="SeleniumLibrary">
<arg>${passwordSubmitButton}</arg>
<doc>Waits until the element ``locator`` appears on the current page.</doc>
<status status="PASS" starttime="20220506 16:12:20.351" endtime="20220506 16:12:20.369"/>
</kw>
<kw name="Click Element" library="SeleniumLibrary">
<arg>${passwordSubmitButton}</arg>
<doc>Click the element identified by ``locator``.</doc>
<msg timestamp="20220506 16:12:20.369" level="INFO">Clicking element '//div[contains(text(),'تایید')]'.</msg>
<status status="PASS" starttime="20220506 16:12:20.369" endtime="20220506 16:12:20.434"/>
</kw>
<kw name="Wait Until Page Contains Element" library="SeleniumLibrary">
<arg>${accountField}</arg>
<doc>Waits until the element ``locator`` appears on the current page.</doc>
<status status="PASS" starttime="20220506 16:12:20.435" endtime="20220506 16:12:21.985"/>
</kw>
<kw name="Click Element" library="SeleniumLibrary">
<arg>${accountField}</arg>
<doc>Click the element identified by ``locator``.</doc>
<msg timestamp="20220506 16:12:21.986" level="INFO">Clicking element 'xpath=//*[@id="base_layout_desktop_fixed_header"]/header/div/div/div/div[2]/div[1]/div[1]'.</msg>
<status status="PASS" starttime="20220506 16:12:21.985" endtime="20220506 16:12:23.073"/>
</kw>
<kw name="Page Should Contain" library="SeleniumLibrary">
<arg>${VerifiedName}</arg>
<doc>Verifies that current page contains ``text``.</doc>
<msg timestamp="20220506 16:12:23.163" level="INFO">Current page contains text 'zahra moradi'.</msg>
<status status="PASS" starttime="20220506 16:12:23.073" endtime="20220506 16:12:23.163"/>
</kw>
<status status="PASS" starttime="20220506 16:11:11.195" endtime="20220506 16:12:23.164"/>
</kw>
<test id="s1-t1" name="Buy Product" line="18">
<kw name="Open Category Menu" library="CheckAvailabilityOfProduct">
<kw name="Wait Until Element Is Visible" library="SeleniumLibrary">
<arg>${categoryMenu}</arg>
<doc>Waits until the element ``locator`` is visible.</doc>
<status status="PASS" starttime="20220506 16:12:23.168" endtime="20220506 16:12:23.465"/>
</kw>
<kw name="Wait Until Keyword Succeeds" library="BuiltIn">
<arg>5x</arg>
<arg>10s</arg>
<arg>Click Element</arg>
<arg>${categoryMenu}</arg>
<doc>Runs the specified keyword and retries if it fails.</doc>
<kw name="Click Element" library="SeleniumLibrary">
<arg>${categoryMenu}</arg>
<doc>Click the element identified by ``locator``.</doc>
<msg timestamp="20220506 16:12:23.467" level="INFO">Clicking element '//*[@id="base_layout_desktop_fixed_header"]/header/nav/div[1]/div[1]/div[1]/div/span'.</msg>
<status status="PASS" starttime="20220506 16:12:23.467" endtime="20220506 16:12:23.925"/>
</kw>
<status status="PASS" starttime="20220506 16:12:23.466" endtime="20220506 16:12:23.925"/>
</kw>
<status status="PASS" starttime="20220506 16:12:23.167" endtime="20220506 16:12:23.926"/>
</kw>
<kw name="Select Category" library="CheckAvailabilityOfProduct">
<kw name="Wait Until Page Contains Element" library="SeleniumLibrary">
<arg>${appleCategory}</arg>
<doc>Waits until the element ``locator`` appears on the current page.</doc>
<status status="PASS" starttime="20220506 16:12:23.933" endtime="20220506 16:12:24.175"/>
</kw>
<kw name="Wait Until Keyword Succeeds" library="BuiltIn">
<arg>5x</arg>
<arg>10s</arg>
<arg>Click Element</arg>
<arg>${appleCategory}</arg>
<doc>Runs the specified keyword and retries if it fails.</doc>
<kw name="Click Element" library="SeleniumLibrary">
<arg>${appleCategory}</arg>
<doc>Click the element identified by ``locator``.</doc>
<msg timestamp="20220506 16:12:24.177" level="INFO">Clicking element '//span[contains(text(),'اپل')]'.</msg>
<status status="PASS" starttime="20220506 16:12:24.176" endtime="20220506 16:12:24.782"/>
</kw>
<status status="PASS" starttime="20220506 16:12:24.176" endtime="20220506 16:12:24.782"/>
</kw>
<kw name="Set Selenium Implicit Wait" library="SeleniumLibrary">
<arg>20s</arg>
<doc>Sets the implicit wait value used by Selenium.</doc>
<status status="PASS" starttime="20220506 16:12:24.783" endtime="20220506 16:12:24.787"/>
</kw>
<kw name="Wait Until Page Contains Element" library="SeleniumLibrary">
<arg>${article}</arg>
<doc>Waits until the element ``locator`` appears on the current page.</doc>
<status status="PASS" starttime="20220506 16:12:24.788" endtime="20220506 16:12:25.652"/>
</kw>
<kw name="Wait Until Keyword Succeeds" library="BuiltIn">
<arg>15x</arg>
<arg>10s</arg>
<arg>Scroll Element Into View</arg>
<arg>${article}</arg>
<doc>Runs the specified keyword and retries if it fails.</doc>
<kw name="Scroll Element Into View" library="SeleniumLibrary">
<arg>${article}</arg>
<doc>Scrolls the element identified by ``locator`` into view.</doc>
<msg timestamp="20220506 16:12:26.302" level="INFO" html="true">&lt;/td&gt;&lt;/tr&gt;&lt;tr&gt;&lt;td colspan="3"&gt;&lt;a href="selenium-screenshot-1.png"&gt;&lt;img src="selenium-screenshot-1.png" width="800px"&gt;&lt;/a&gt;</msg>
<msg timestamp="20220506 16:12:26.304" level="FAIL">MoveTargetOutOfBoundsException: Message: move target out of bounds
  (Session info: chrome=101.0.4951.54)
Stacktrace:
Backtrace:
	Ordinal0 [0x00F17413+2389011]
	Ordinal0 [0x00EA9F61+1941345]
	Ordinal0 [0x00D9C520+836896]
	Ordinal0 [0x00DFC59A+1230234]
	Ordinal0 [0x00DE414C+1130828]
	Ordinal0 [0x00DF4302+1196802]
	Ordinal0 [0x00DE3F66+1130342]
	Ordinal0 [0x00DBE546+976198]
	Ordinal0 [0x00DBF456+980054]
	GetHandleVerifier [0x010C9632+1727522]
	GetHandleVerifier [0x0117BA4D+2457661]
	GetHandleVerifier [0x00FAEB81+569713]
	GetHandleVerifier [0x00FADD76+566118]
	Ordinal0 [0x00EB0B2B+1968939]
	Ordinal0 [0x00EB5988+1989000]
	Ordinal0 [0x00EB5A75+1989237]
	Ordinal0 [0x00EBECB1+2026673]
	BaseThreadInitThunk [0x778BFA29+25]
	RtlGetAppContainerNamedObjectPath [0x77A97A7E+286]
	RtlGetAppContainerNamedObjectPath [0x77A97A4E+238]
</msg>
<status status="FAIL" starttime="20220506 16:12:25.653" endtime="20220506 16:12:26.316"/>
</kw>
<kw name="Scroll Element Into View" library="SeleniumLibrary">
<arg>${article}</arg>
<doc>Scrolls the element identified by ``locator`` into view.</doc>
<msg timestamp="20220506 16:12:36.680" level="INFO" html="true">&lt;/td&gt;&lt;/tr&gt;&lt;tr&gt;&lt;td colspan="3"&gt;&lt;a href="selenium-screenshot-2.png"&gt;&lt;img src="selenium-screenshot-2.png" width="800px"&gt;&lt;/a&gt;</msg>
<msg timestamp="20220506 16:12:36.681" level="FAIL">MoveTargetOutOfBoundsException: Message: move target out of bounds
  (Session info: chrome=101.0.4951.54)
Stacktrace:
Backtrace:
	Ordinal0 [0x00F17413+2389011]
	Ordinal0 [0x00EA9F61+1941345]
	Ordinal0 [0x00D9C520+836896]
	Ordinal0 [0x00DFC59A+1230234]
	Ordinal0 [0x00DE414C+1130828]
	Ordinal0 [0x00DF4302+1196802]
	Ordinal0 [0x00DE3F66+1130342]
	Ordinal0 [0x00DBE546+976198]
	Ordinal0 [0x00DBF456+980054]
	GetHandleVerifier [0x010C9632+1727522]
	GetHandleVerifier [0x0117BA4D+2457661]
	GetHandleVerifier [0x00FAEB81+569713]
	GetHandleVerifier [0x00FADD76+566118]
	Ordinal0 [0x00EB0B2B+1968939]
	Ordinal0 [0x00EB5988+1989000]
	Ordinal0 [0x00EB5A75+1989237]
	Ordinal0 [0x00EBECB1+2026673]
	BaseThreadInitThunk [0x778BFA29+25]
	RtlGetAppContainerNamedObjectPath [0x77A97A7E+286]
	RtlGetAppContainerNamedObjectPath [0x77A97A4E+238]
</msg>
<status status="FAIL" starttime="20220506 16:12:36.328" endtime="20220506 16:12:36.683"/>
</kw>
<kw name="Scroll Element Into View" library="SeleniumLibrary">
<arg>${article}</arg>
<doc>Scrolls the element identified by ``locator`` into view.</doc>
<msg timestamp="20220506 16:12:47.004" level="INFO" html="true">&lt;/td&gt;&lt;/tr&gt;&lt;tr&gt;&lt;td colspan="3"&gt;&lt;a href="selenium-screenshot-3.png"&gt;&lt;img src="selenium-screenshot-3.png" width="800px"&gt;&lt;/a&gt;</msg>
<msg timestamp="20220506 16:12:47.005" level="FAIL">MoveTargetOutOfBoundsException: Message: move target out of bounds
  (Session info: chrome=101.0.4951.54)
Stacktrace:
Backtrace:
	Ordinal0 [0x00F17413+2389011]
	Ordinal0 [0x00EA9F61+1941345]
	Ordinal0 [0x00D9C520+836896]
	Ordinal0 [0x00DFC59A+1230234]
	Ordinal0 [0x00DE414C+1130828]
	Ordinal0 [0x00DF4302+1196802]
	Ordinal0 [0x00DE3F66+1130342]
	Ordinal0 [0x00DBE546+976198]
	Ordinal0 [0x00DBF456+980054]
	GetHandleVerifier [0x010C9632+1727522]
	GetHandleVerifier [0x0117BA4D+2457661]
	GetHandleVerifier [0x00FAEB81+569713]
	GetHandleVerifier [0x00FADD76+566118]
	Ordinal0 [0x00EB0B2B+1968939]
	Ordinal0 [0x00EB5988+1989000]
	Ordinal0 [0x00EB5A75+1989237]
	Ordinal0 [0x00EBECB1+2026673]
	BaseThreadInitThunk [0x778BFA29+25]
	RtlGetAppContainerNamedObjectPath [0x77A97A7E+286]
	RtlGetAppContainerNamedObjectPath [0x77A97A4E+238]
</msg>
<status status="FAIL" starttime="20220506 16:12:46.689" endtime="20220506 16:12:47.008"/>
</kw>
<kw name="Scroll Element Into View" library="SeleniumLibrary">
<arg>${article}</arg>
<doc>Scrolls the element identified by ``locator`` into view.</doc>
<msg timestamp="20220506 16:12:57.365" level="INFO" html="true">&lt;/td&gt;&lt;/tr&gt;&lt;tr&gt;&lt;td colspan="3"&gt;&lt;a href="selenium-screenshot-4.png"&gt;&lt;img src="selenium-screenshot-4.png" width="800px"&gt;&lt;/a&gt;</msg>
<msg timestamp="20220506 16:12:57.366" level="FAIL">MoveTargetOutOfBoundsException: Message: move target out of bounds
  (Session info: chrome=101.0.4951.54)
Stacktrace:
Backtrace:
	Ordinal0 [0x00F17413+2389011]
	Ordinal0 [0x00EA9F61+1941345]
	Ordinal0 [0x00D9C520+836896]
	Ordinal0 [0x00DFC59A+1230234]
	Ordinal0 [0x00DE414C+1130828]
	Ordinal0 [0x00DF4302+1196802]
	Ordinal0 [0x00DE3F66+1130342]
	Ordinal0 [0x00DBE546+976198]
	Ordinal0 [0x00DBF456+980054]
	GetHandleVerifier [0x010C9632+1727522]
	GetHandleVerifier [0x0117BA4D+2457661]
	GetHandleVerifier [0x00FAEB81+569713]
	GetHandleVerifier [0x00FADD76+566118]
	Ordinal0 [0x00EB0B2B+1968939]
	Ordinal0 [0x00EB5988+1989000]
	Ordinal0 [0x00EB5A75+1989237]
	Ordinal0 [0x00EBECB1+2026673]
	BaseThreadInitThunk [0x778BFA29+25]
	RtlGetAppContainerNamedObjectPath [0x77A97A7E+286]
	RtlGetAppContainerNamedObjectPath [0x77A97A4E+238]
</msg>
<status status="FAIL" starttime="20220506 16:12:57.014" endtime="20220506 16:12:57.367"/>
</kw>
<kw name="Scroll Element Into View" library="SeleniumLibrary">
<arg>${article}</arg>
<doc>Scrolls the element identified by ``locator`` into view.</doc>
<status status="PASS" starttime="20220506 16:13:07.382" endtime="20220506 16:13:07.734"/>
</kw>
<status status="PASS" starttime="20220506 16:12:25.653" endtime="20220506 16:13:07.735"/>
</kw>
<status status="PASS" starttime="20220506 16:12:23.931" endtime="20220506 16:13:07.736"/>
</kw>
<kw name="Select Product" library="CheckAvailabilityOfProduct">
<kw name="Click Element" library="SeleniumLibrary">
<arg>//body/div[@id='__next']/div[1]/div[3]/div[3]/div[1]/div[1]/section[1]/div[2]/div[1]/div[1]/div[80]/a[1]</arg>
<doc>Click the element identified by ``locator``.</doc>
<msg timestamp="20220506 16:13:07.741" level="INFO">Clicking element '//body/div[@id='__next']/div[1]/div[3]/div[3]/div[1]/div[1]/section[1]/div[2]/div[1]/div[1]/div[80]/a[1]'.</msg>
<status status="PASS" starttime="20220506 16:13:07.739" endtime="20220506 16:13:08.015"/>
</kw>
<status status="PASS" starttime="20220506 16:13:07.738" endtime="20220506 16:13:08.015"/>
</kw>
<kw name="Go To Product Page" library="CheckAvailabilityOfProduct">
<kw name="Get Window Handles" library="SeleniumLibrary">
<var>@{WindowHandles}</var>
<doc>Returns all child window handles of the selected browser as a list.</doc>
<msg timestamp="20220506 16:13:08.030" level="INFO">@{WindowHandles} = [ CDwindow-A00BD05ED4CD2B6E5B7BD9E3DFAA56B5 | CDwindow-EA0F31E7479836DDC677BCD9BA7C2E9B ]</msg>
<status status="PASS" starttime="20220506 16:13:08.016" endtime="20220506 16:13:08.030"/>
</kw>
<kw name="Switch Window" library="SeleniumLibrary">
<arg>${WindowHandles}[1]</arg>
<doc>Switches to browser window matching ``locator``.</doc>
<status status="PASS" starttime="20220506 16:13:08.030" endtime="20220506 16:13:08.280"/>
</kw>
<kw name="Wait Until Page Contains Element" library="SeleniumLibrary">
<arg>//body/div[@id='__next']/div[1]/div[3]/div[3]/div[2]/div[2]/div[2]/div[2]/div[3]/div[1]/div[1]/div[2]/button[1]</arg>
<doc>Waits until the element ``locator`` appears on the current page.</doc>
<status status="PASS" starttime="20220506 16:13:08.280" endtime="20220506 16:13:31.062"/>
</kw>
<kw name="Click Element" library="SeleniumLibrary">
<arg>//body/div[@id='__next']/div[1]/div[3]/div[3]/div[2]/div[2]/div[2]/div[2]/div[3]/div[1]/div[1]/div[2]/button[1]</arg>
<doc>Click the element identified by ``locator``.</doc>
<msg timestamp="20220506 16:13:31.063" level="INFO">Clicking element '//body/div[@id='__next']/div[1]/div[3]/div[3]/div[2]/div[2]/div[2]/div[2]/div[3]/div[1]/div[1]/div[2]/button[1]'.</msg>
<status status="PASS" starttime="20220506 16:13:31.063" endtime="20220506 16:13:31.346"/>
</kw>
<kw name="Wait Until Page Contains Element" library="SeleniumLibrary">
<arg>//p[contains(text(),'سیستم پیام شخصی دیجی‌کالا')]</arg>
<doc>Waits until the element ``locator`` appears on the current page.</doc>
<status status="PASS" starttime="20220506 16:13:31.346" endtime="20220506 16:13:31.597"/>
</kw>
<kw name="Click Element" library="SeleniumLibrary">
<arg>//p[contains(text(),'سیستم پیام شخصی دیجی‌کالا')]</arg>
<doc>Click the element identified by ``locator``.</doc>
<msg timestamp="20220506 16:13:31.600" level="INFO">Clicking element '//p[contains(text(),'سیستم پیام شخصی دیجی‌کالا')]'.</msg>
<status status="PASS" starttime="20220506 16:13:31.597" endtime="20220506 16:13:31.717"/>
</kw>
<kw name="Wait Until Page Contains Element" library="SeleniumLibrary">
<arg>//body/div[@id='__next']/div[@id='modal-root']/div[18]/div[1]/div[1]/div[1]/div[2]/div[1]/form[1]/div[1]/button[1]</arg>
<doc>Waits until the element ``locator`` appears on the current page.</doc>
<status status="PASS" starttime="20220506 16:13:31.717" endtime="20220506 16:13:31.741"/>
</kw>
<kw name="Click Element" library="SeleniumLibrary">
<arg>//body/div[@id='__next']/div[@id='modal-root']/div[18]/div[1]/div[1]/div[1]/div[2]/div[1]/form[1]/div[1]/button[1]</arg>
<doc>Click the element identified by ``locator``.</doc>
<msg timestamp="20220506 16:13:31.742" level="INFO">Clicking element '//body/div[@id='__next']/div[@id='modal-root']/div[18]/div[1]/div[1]/div[1]/div[2]/div[1]/form[1]/div[1]/button[1]'.</msg>
<status status="PASS" starttime="20220506 16:13:31.741" endtime="20220506 16:13:31.848"/>
</kw>
<status status="PASS" starttime="20220506 16:13:08.016" endtime="20220506 16:13:31.849"/>
</kw>
<status status="PASS" starttime="20220506 16:12:23.165" endtime="20220506 16:13:31.849"/>
</test>
<doc>This is a test to check the capabilities of a product</doc>
<status status="PASS" starttime="20220506 16:11:10.771" endtime="20220506 16:13:31.851"/>
</suite>
<statistics>
<total>
<stat pass="1" fail="0" skip="0">All Tests</stat>
</total>
<tag>
</tag>
<suite>
<stat pass="1" fail="0" skip="0" id="s1" name="AvailabilityOfProduct">AvailabilityOfProduct</stat>
</suite>
</statistics>
<errors>
</errors>
</robot>
