<?xml version="1.0" encoding="UTF-8"?>
<robot generator="Robot 5.0 (Python 3.9.5 on win32)" generated="20220428 05:48:08.353" rpa="false" schemaversion="3">
<suite id="s1" name="BuyingProduct" source="C:\Users\DELL\PycharmProjects\DigikalaTest\TestCase\BuyingProduct.robot">
<test id="s1-t1" name="Buy Iphone" line="16">
<kw name="Valid LogIn" type="SETUP">
<kw name="Open Digikala Site" library="LogInToSystem">
<kw name="Start TestCase" library="CommonFunctionality">
<kw name="Set Selenium Speed" library="SeleniumLibrary">
<arg>${SPEED}</arg>
<doc>Sets the delay that is waited after each Selenium command.</doc>
<status status="PASS" starttime="20220428 05:48:08.822" endtime="20220428 05:48:08.822"/>
</kw>
<kw name="Set Selenium Timeout" library="SeleniumLibrary">
<arg>${TIMEOUT}</arg>
<doc>Sets the timeout that is used by various keywords.</doc>
<status status="PASS" starttime="20220428 05:48:08.822" endtime="20220428 05:48:08.823"/>
</kw>
<kw name="Set Selenium Implicit Wait" library="SeleniumLibrary">
<arg>${WAIT}</arg>
<doc>Sets the implicit wait value used by Selenium.</doc>
<status status="PASS" starttime="20220428 05:48:08.823" endtime="20220428 05:48:08.823"/>
</kw>
<kw name="Open Browser" library="SeleniumLibrary">
<arg>${URL}</arg>
<arg>${BROWSER}</arg>
<arg>options=add_argument("--ignore-certificate-errors")</arg>
<doc>Opens a new browser instance to the optional ``url``.</doc>
<msg timestamp="20220428 05:48:08.824" level="INFO">Opening browser 'chrome' to base url 'https://www.digikala.com/'.</msg>
<status status="PASS" starttime="20220428 05:48:08.824" endtime="20220428 05:48:26.205"/>
</kw>
<status status="PASS" starttime="20220428 05:48:08.821" endtime="20220428 05:48:26.206"/>
</kw>
<status status="PASS" starttime="20220428 05:48:08.821" endtime="20220428 05:48:26.206"/>
</kw>
<kw name="Go TO LogIn Page" library="LogInToSystem">
<kw name="Wait Until Element Is Visible" library="SeleniumLibrary">
<arg>xpath=//*[@id="base_layout_desktop_fixed_header"]/header/div/div/div/div[2]/a/div[2]</arg>
<doc>Waits until the element ``locator`` is visible.</doc>
<status status="PASS" starttime="20220428 05:48:26.207" endtime="20220428 05:48:26.742"/>
</kw>
<kw name="Click Element" library="SeleniumLibrary">
<arg>xpath=//*[@id="base_layout_desktop_fixed_header"]/header/div/div/div/div[2]/a/div[2]</arg>
<doc>Click the element identified by ``locator``.</doc>
<msg timestamp="20220428 05:48:26.743" level="INFO">Clicking element 'xpath=//*[@id="base_layout_desktop_fixed_header"]/header/div/div/div/div[2]/a/div[2]'.</msg>
<status status="PASS" starttime="20220428 05:48:26.742" endtime="20220428 05:48:27.456"/>
</kw>
<status status="PASS" starttime="20220428 05:48:26.206" endtime="20220428 05:48:27.457"/>
</kw>
<kw name="Input Username" library="LogInToSystem">
<kw name="Wait Until Page Contains Element" library="SeleniumLibrary">
<arg>name=username</arg>
<doc>Waits until the element ``locator`` appears on the current page.</doc>
<status status="PASS" starttime="20220428 05:48:27.458" endtime="20220428 05:48:27.950"/>
</kw>
<kw name="Input Text" library="SeleniumLibrary">
<arg>//*[@name="username"]</arg>
<arg>${USERNAME}</arg>
<doc>Types the given ``text`` into the text field identified by ``locator``.</doc>
<msg timestamp="20220428 05:48:27.951" level="INFO">Typing text 'Zahra.almas75@gmail.com' into text field '//*[@name="username"]'.</msg>
<status status="PASS" starttime="20220428 05:48:27.950" endtime="20220428 05:48:28.257"/>
</kw>
<kw name="Click Element" library="SeleniumLibrary">
<arg>//*[@id="__next"]/main/div[2]/form/button/div[2]</arg>
<doc>Click the element identified by ``locator``.</doc>
<msg timestamp="20220428 05:48:28.257" level="INFO">Clicking element '//*[@id="__next"]/main/div[2]/form/button/div[2]'.</msg>
<status status="PASS" starttime="20220428 05:48:28.257" endtime="20220428 05:48:28.385"/>
</kw>
<status status="PASS" starttime="20220428 05:48:27.457" endtime="20220428 05:48:28.385"/>
</kw>
<kw name="Input Password" library="LogInToSystem">
<kw name="Wait Until Page Contains Element" library="SeleniumLibrary">
<arg>name:password</arg>
<doc>Waits until the element ``locator`` appears on the current page.</doc>
<msg timestamp="20220428 05:49:29.013" level="INFO" html="true">&lt;/td&gt;&lt;/tr&gt;&lt;tr&gt;&lt;td colspan="3"&gt;&lt;a href="selenium-screenshot-2.png"&gt;&lt;img src="selenium-screenshot-2.png" width="800px"&gt;&lt;/a&gt;</msg>
<msg timestamp="20220428 05:49:29.015" level="FAIL">Element 'name:password' did not appear in 1 minute.</msg>
<status status="FAIL" starttime="20220428 05:48:28.387" endtime="20220428 05:49:29.020"/>
</kw>
<kw name="Input Text" library="SeleniumLibrary">
<arg>//*[@id="__next"]/main/div[2]/form/label/div/div[1]/input</arg>
<arg>${PASSWORD}</arg>
<doc>Types the given ``text`` into the text field identified by ``locator``.</doc>
<status status="NOT RUN" starttime="20220428 05:49:29.021" endtime="20220428 05:49:29.021"/>
</kw>
<kw name="Click Element" library="SeleniumLibrary">
<arg>//*[@id="__next"]/main/div[2]/form/button[2]/div[2]</arg>
<doc>Click the element identified by ``locator``.</doc>
<status status="NOT RUN" starttime="20220428 05:49:29.021" endtime="20220428 05:49:29.021"/>
</kw>
<status status="FAIL" starttime="20220428 05:48:28.386" endtime="20220428 05:49:29.022"/>
</kw>
<kw name="Verify Log In" library="LogInToSystem">
<status status="NOT RUN" starttime="20220428 05:49:29.022" endtime="20220428 05:49:29.022"/>
</kw>
<status status="FAIL" starttime="20220428 05:48:08.820" endtime="20220428 05:49:29.023"/>
</kw>
<tag>LogIn.LogIn</tag>
<status status="FAIL" starttime="20220428 05:48:08.819" endtime="20220428 05:49:29.024">Setup failed:
Element 'name:password' did not appear in 1 minute.</status>
</test>
<doc>this is a test for buying a special product</doc>
<status status="FAIL" starttime="20220428 05:48:08.356" endtime="20220428 05:49:29.027"/>
</suite>
<statistics>
<total>
<stat pass="0" fail="1" skip="0">All Tests</stat>
</total>
<tag>
<stat pass="0" fail="1" skip="0">LogIn.LogIn</stat>
</tag>
<suite>
<stat pass="0" fail="1" skip="0" id="s1" name="BuyingProduct">BuyingProduct</stat>
</suite>
</statistics>
<errors>
<msg timestamp="20220428 05:48:08.809" level="ERROR">Error in file 'C:\Users\DELL\PycharmProjects\DigikalaTest\TestCase\LogIn.robot' on line 4: Setting 'Force Tags' is not allowed in resource file.</msg>
<msg timestamp="20220428 05:48:08.810" level="ERROR">Error in file 'C:\Users\DELL\PycharmProjects\DigikalaTest\TestCase\BuyingProduct.robot' on line 5: Error in file 'C:\Users\DELL\PycharmProjects\DigikalaTest\TestCase\LogIn.robot' on line 9: Resource file with 'Test Cases' section is invalid.</msg>
</errors>
</robot>
