<?xml version="1.0" encoding="UTF-8"?>
<robot generator="Robot 5.0 (Python 3.9.5 on win32)" generated="20220508 14:10:47.450" rpa="false" schemaversion="3">
<suite id="s1" name="DeleteProduct" source="C:\Users\DELL\PycharmProjects\DigikalaTest\TestCase\DeleteProduct.robot">
<test id="s1-t1" name="Delete Iphone" line="13">
<kw name="Start TestCase" library="CommonFunctionality" type="SETUP">
<kw name="Set Selenium Speed" library="SeleniumLibrary">
<arg>${SPEED}</arg>
<doc>Sets the delay that is waited after each Selenium command.</doc>
<status status="PASS" starttime="20220508 14:10:47.803" endtime="20220508 14:10:47.803"/>
</kw>
<kw name="Set Selenium Timeout" library="SeleniumLibrary">
<arg>${TIMEOUT}</arg>
<doc>Sets the timeout that is used by various keywords.</doc>
<status status="PASS" starttime="20220508 14:10:47.803" endtime="20220508 14:10:47.804"/>
</kw>
<kw name="Set Selenium Implicit Wait" library="SeleniumLibrary">
<arg>${WAIT}</arg>
<doc>Sets the implicit wait value used by Selenium.</doc>
<status status="PASS" starttime="20220508 14:10:47.804" endtime="20220508 14:10:47.804"/>
</kw>
<kw name="Open Browser" library="SeleniumLibrary">
<arg>${URL}</arg>
<arg>${BROWSER}</arg>
<arg>options=add_argument("--ignore-certificate-errors")</arg>
<doc>Opens a new browser instance to the optional ``url``.</doc>
<msg timestamp="20220508 14:10:47.805" level="INFO">Opening browser 'chrome' to base url 'https://www.digikala.com/'.</msg>
<status status="PASS" starttime="20220508 14:10:47.804" endtime="20220508 14:11:27.939"/>
</kw>
<kw name="Maximize Browser Window" library="SeleniumLibrary">
<doc>Maximizes current browser window.</doc>
<status status="PASS" starttime="20220508 14:11:27.940" endtime="20220508 14:11:28.510"/>
</kw>
<status status="PASS" starttime="20220508 14:10:47.802" endtime="20220508 14:11:28.511"/>
</kw>
<kw name="Open Category Menu" library="Delete">
<kw name="Wait Until Element Is Visible" library="SeleniumLibrary">
<arg>${categoryMenu}</arg>
<doc>Waits until the element ``locator`` is visible.</doc>
<status status="PASS" starttime="20220508 14:11:28.514" endtime="20220508 14:11:28.996"/>
</kw>
<kw name="Wait Until Keyword Succeeds" library="BuiltIn">
<arg>5x</arg>
<arg>10s</arg>
<arg>Click Element</arg>
<arg>${categoryMenu}</arg>
<doc>Runs the specified keyword and retries if it fails.</doc>
<kw name="Click Element" library="SeleniumLibrary">
<arg>${categoryMenu}</arg>
<doc>Click the element identified by ``locator``.</doc>
<msg timestamp="20220508 14:11:28.998" level="INFO">Clicking element '//*[@id="base_layout_desktop_fixed_header"]/header/nav/div[1]/div[1]/div[1]/div/span'.</msg>
<status status="PASS" starttime="20220508 14:11:28.998" endtime="20220508 14:11:29.333"/>
</kw>
<status status="PASS" starttime="20220508 14:11:28.996" endtime="20220508 14:11:29.334"/>
</kw>
<status status="PASS" starttime="20220508 14:11:28.513" endtime="20220508 14:11:29.334"/>
</kw>
<kw name="Select Category" library="Delete">
<kw name="Wait Until Page Contains Element" library="SeleniumLibrary">
<arg>${appleCategory}</arg>
<doc>Waits until the element ``locator`` appears on the current page.</doc>
<status status="PASS" starttime="20220508 14:11:29.338" endtime="20220508 14:11:29.649"/>
</kw>
<kw name="Wait Until Keyword Succeeds" library="BuiltIn">
<arg>5x</arg>
<arg>10s</arg>
<arg>Click Element</arg>
<arg>${appleCategory}</arg>
<doc>Runs the specified keyword and retries if it fails.</doc>
<kw name="Click Element" library="SeleniumLibrary">
<arg>${appleCategory}</arg>
<doc>Click the element identified by ``locator``.</doc>
<msg timestamp="20220508 14:11:29.651" level="INFO">Clicking element '//span[contains(text(),'اپل')]'.</msg>
<status status="PASS" starttime="20220508 14:11:29.650" endtime="20220508 14:11:30.173"/>
</kw>
<status status="PASS" starttime="20220508 14:11:29.649" endtime="20220508 14:11:30.174"/>
</kw>
<status status="PASS" starttime="20220508 14:11:29.336" endtime="20220508 14:11:30.174"/>
</kw>
<kw name="Select Product" library="Delete">
<kw name="Run Keyword And Ignore Error" library="BuiltIn">
<arg>Scroll Element Into View</arg>
<arg>${iPhone}</arg>
<doc>Runs the given keyword with the given arguments and ignores possible error.</doc>
<kw name="Scroll Element Into View" library="SeleniumLibrary">
<arg>${iPhone}</arg>
<doc>Scrolls the element identified by ``locator`` into view.</doc>
<msg timestamp="20220508 14:11:31.409" level="INFO" html="true">&lt;/td&gt;&lt;/tr&gt;&lt;tr&gt;&lt;td colspan="3"&gt;&lt;a href="selenium-screenshot-12.png"&gt;&lt;img src="selenium-screenshot-12.png" width="800px"&gt;&lt;/a&gt;</msg>
<msg timestamp="20220508 14:11:31.411" level="FAIL">MoveTargetOutOfBoundsException: Message: move target out of bounds
  (Session info: chrome=101.0.4951.54)
Stacktrace:
Backtrace:
	Ordinal0 [0x00AE7413+2389011]
	Ordinal0 [0x00A79F61+1941345]
	Ordinal0 [0x0096C520+836896]
	Ordinal0 [0x009CC59A+1230234]
	Ordinal0 [0x009B414C+1130828]
	Ordinal0 [0x009C4302+1196802]
	Ordinal0 [0x009B3F66+1130342]
	Ordinal0 [0x0098E546+976198]
	Ordinal0 [0x0098F456+980054]
	GetHandleVerifier [0x00C99632+1727522]
	GetHandleVerifier [0x00D4BA4D+2457661]
	GetHandleVerifier [0x00B7EB81+569713]
	GetHandleVerifier [0x00B7DD76+566118]
	Ordinal0 [0x00A80B2B+1968939]
	Ordinal0 [0x00A85988+1989000]
	Ordinal0 [0x00A85A75+1989237]
	Ordinal0 [0x00A8ECB1+2026673]
	BaseThreadInitThunk [0x76C5FA29+25]
	RtlGetAppContainerNamedObjectPath [0x77DA7A7E+286]
	RtlGetAppContainerNamedObjectPath [0x77DA7A4E+238]
</msg>
<status status="FAIL" starttime="20220508 14:11:30.177" endtime="20220508 14:11:31.423"/>
</kw>
<status status="PASS" starttime="20220508 14:11:30.177" endtime="20220508 14:11:31.424"/>
</kw>
<kw name="Wait Until Page Contains Element" library="SeleniumLibrary">
<arg>${iPhone}</arg>
<doc>Waits until the element ``locator`` appears on the current page.</doc>
<status status="PASS" starttime="20220508 14:11:31.424" endtime="20220508 14:11:31.553"/>
</kw>
<kw name="Wait Until Keyword Succeeds" library="BuiltIn">
<arg>3x</arg>
<arg>10s</arg>
<arg>Click Element</arg>
<arg>${iPhone}</arg>
<doc>Runs the specified keyword and retries if it fails.</doc>
<kw name="Click Element" library="SeleniumLibrary">
<arg>${iPhone}</arg>
<doc>Click the element identified by ``locator``.</doc>
<msg timestamp="20220508 14:11:31.556" level="INFO">Clicking element 'xpath://body/div[@id='__next']/div[1]/div[3]/div[3]/div[1]/div[1]/section[1]/div[2]/div[1]/div[1]/div[5]/a[1]'.</msg>
<status status="PASS" starttime="20220508 14:11:31.555" endtime="20220508 14:11:31.997"/>
</kw>
<status status="PASS" starttime="20220508 14:11:31.554" endtime="20220508 14:11:31.999"/>
</kw>
<status status="PASS" starttime="20220508 14:11:30.176" endtime="20220508 14:11:32.000"/>
</kw>
<kw name="Go To Product Page" library="Delete">
<kw name="Get Window Handles" library="SeleniumLibrary">
<var>@{WindowHandles}</var>
<doc>Returns all child window handles of the selected browser as a list.</doc>
<msg timestamp="20220508 14:11:32.014" level="INFO">@{WindowHandles} = [ CDwindow-614FC647C44844564BC489840B5668BD | CDwindow-6B42A9508F15D23665DC6727582FFA67 ]</msg>
<status status="PASS" starttime="20220508 14:11:32.003" endtime="20220508 14:11:32.014"/>
</kw>
<kw name="Switch Window" library="SeleniumLibrary">
<arg>${WindowHandles}[1]</arg>
<doc>Switches to browser window matching ``locator``.</doc>
<status status="PASS" starttime="20220508 14:11:32.015" endtime="20220508 14:11:32.274"/>
</kw>
<status status="PASS" starttime="20220508 14:11:32.002" endtime="20220508 14:11:32.275"/>
</kw>
<kw name="Add To Basket" library="Delete">
<kw name="Run Keyword And Ignore Error" library="BuiltIn">
<arg>Scroll Element Into View</arg>
<arg>${addToBasketButton}</arg>
<doc>Runs the given keyword with the given arguments and ignores possible error.</doc>
<kw name="Scroll Element Into View" library="SeleniumLibrary">
<arg>${addToBasketButton}</arg>
<doc>Scrolls the element identified by ``locator`` into view.</doc>
<msg timestamp="20220508 14:11:37.728" level="INFO" html="true">&lt;/td&gt;&lt;/tr&gt;&lt;tr&gt;&lt;td colspan="3"&gt;&lt;a href="selenium-screenshot-13.png"&gt;&lt;img src="selenium-screenshot-13.png" width="800px"&gt;&lt;/a&gt;</msg>
<msg timestamp="20220508 14:11:37.729" level="FAIL">MoveTargetOutOfBoundsException: Message: move target out of bounds
  (Session info: chrome=101.0.4951.54)
Stacktrace:
Backtrace:
	Ordinal0 [0x00AE7413+2389011]
	Ordinal0 [0x00A79F61+1941345]
	Ordinal0 [0x0096C520+836896]
	Ordinal0 [0x009CC59A+1230234]
	Ordinal0 [0x009B414C+1130828]
	Ordinal0 [0x009C4302+1196802]
	Ordinal0 [0x009B3F66+1130342]
	Ordinal0 [0x0098E546+976198]
	Ordinal0 [0x0098F456+980054]
	GetHandleVerifier [0x00C99632+1727522]
	GetHandleVerifier [0x00D4BA4D+2457661]
	GetHandleVerifier [0x00B7EB81+569713]
	GetHandleVerifier [0x00B7DD76+566118]
	Ordinal0 [0x00A80B2B+1968939]
	Ordinal0 [0x00A85988+1989000]
	Ordinal0 [0x00A85A75+1989237]
	Ordinal0 [0x00A8ECB1+2026673]
	BaseThreadInitThunk [0x76C5FA29+25]
	RtlGetAppContainerNamedObjectPath [0x77DA7A7E+286]
	RtlGetAppContainerNamedObjectPath [0x77DA7A4E+238]
</msg>
<status status="FAIL" starttime="20220508 14:11:32.276" endtime="20220508 14:11:37.732"/>
</kw>
<status status="PASS" starttime="20220508 14:11:32.276" endtime="20220508 14:11:37.732"/>
</kw>
<kw name="Wait Until Keyword Succeeds" library="BuiltIn">
<arg>5x</arg>
<arg>10s</arg>
<arg>Wait Until Page Contains Element</arg>
<arg>${addToBasketButton}</arg>
<doc>Runs the specified keyword and retries if it fails.</doc>
<kw name="Wait Until Page Contains Element" library="SeleniumLibrary">
<arg>${addToBasketButton}</arg>
<doc>Waits until the element ``locator`` appears on the current page.</doc>
<status status="PASS" starttime="20220508 14:11:37.734" endtime="20220508 14:11:37.813"/>
</kw>
<status status="PASS" starttime="20220508 14:11:37.733" endtime="20220508 14:11:37.813"/>
</kw>
<kw name="Wait Until Keyword Succeeds" library="BuiltIn">
<arg>5x</arg>
<arg>10s</arg>
<arg>Click Element</arg>
<arg>${addToBasketButton}</arg>
<doc>Runs the specified keyword and retries if it fails.</doc>
<kw name="Click Element" library="SeleniumLibrary">
<arg>${addToBasketButton}</arg>
<doc>Click the element identified by ``locator``.</doc>
<msg timestamp="20220508 14:11:37.816" level="INFO">Clicking element '//body/div[@id='__next']/div[1]/div[3]/div[3]/div[2]/div[2]/div[2]/div[2]/div[3]/div[1]/div[8]/div[1]/div[2]/div[3]/button[1]/div[2]'.</msg>
<status status="PASS" starttime="20220508 14:11:37.815" endtime="20220508 14:11:38.090"/>
</kw>
<status status="PASS" starttime="20220508 14:11:37.814" endtime="20220508 14:11:38.090"/>
</kw>
<status status="PASS" starttime="20220508 14:11:32.275" endtime="20220508 14:11:38.090"/>
</kw>
<kw name="View Basket" library="Delete">
<kw name="Wait Until Page Contains Element" library="SeleniumLibrary">
<arg>//body/div[@id='__next']/div[1]/div[3]/div[3]/div[2]/div[2]/div[2]/div[2]/div[3]/div[1]/div[8]/div[1]/div[2]/div[3]/div[2]/div[1]/a[1]/p[1]</arg>
<doc>Waits until the element ``locator`` appears on the current page.</doc>
<status status="PASS" starttime="20220508 14:11:38.091" endtime="20220508 14:11:38.392"/>
</kw>
<kw name="Wait Until Keyword Succeeds" library="BuiltIn">
<arg>5x</arg>
<arg>10s</arg>
<arg>Click Element</arg>
<arg>//body/div[@id='__next']/div[1]/div[3]/div[3]/div[2]/div[2]/div[2]/div[2]/div[3]/div[1]/div[8]/div[1]/div[2]/div[3]/div[2]/div[1]/a[1]/p[1]</arg>
<doc>Runs the specified keyword and retries if it fails.</doc>
<kw name="Click Element" library="SeleniumLibrary">
<arg>//body/div[@id='__next']/div[1]/div[3]/div[3]/div[2]/div[2]/div[2]/div[2]/div[3]/div[1]/div[8]/div[1]/div[2]/div[3]/div[2]/div[1]/a[1]/p[1]</arg>
<doc>Click the element identified by ``locator``.</doc>
<msg timestamp="20220508 14:11:38.394" level="INFO">Clicking element '//body/div[@id='__next']/div[1]/div[3]/div[3]/div[2]/div[2]/div[2]/div[2]/div[3]/div[1]/div[8]/div[1]/div[2]/div[3]/div[2]/div[1]/a[1]/p[1]'.</msg>
<status status="PASS" starttime="20220508 14:11:38.394" endtime="20220508 14:11:38.769"/>
</kw>
<status status="PASS" starttime="20220508 14:11:38.393" endtime="20220508 14:11:38.769"/>
</kw>
<status status="PASS" starttime="20220508 14:11:38.091" endtime="20220508 14:11:38.769"/>
</kw>
<kw name="Delete Product" library="Delete">
<kw name="Wait Until Element Is Visible" library="SeleniumLibrary">
<arg>${deleteButton}</arg>
<doc>Waits until the element ``locator`` is visible.</doc>
<status status="PASS" starttime="20220508 14:11:38.771" endtime="20220508 14:11:39.312"/>
</kw>
<kw name="Wait Until Element Is Enabled" library="SeleniumLibrary">
<arg>${deleteButton}</arg>
<doc>Waits until the element ``locator`` is enabled.</doc>
<status status="PASS" starttime="20220508 14:11:39.312" endtime="20220508 14:11:39.677"/>
</kw>
<kw name="Wait Until Page Contains Element" library="SeleniumLibrary">
<arg>${deleteButton}</arg>
<doc>Waits until the element ``locator`` appears on the current page.</doc>
<status status="PASS" starttime="20220508 14:11:39.677" endtime="20220508 14:11:39.695"/>
</kw>
<kw name="Click Element" library="SeleniumLibrary">
<arg>${deleteButton}</arg>
<doc>Click the element identified by ``locator``.</doc>
<msg timestamp="20220508 14:11:39.696" level="INFO">Clicking element 'css:#__next &gt; div.h-100.d-flex.flex-column.bg-000.ai-center &gt; div.grow-1.bg-000.d-flex.flex-column.w-100.ai-center.shrink-0 &gt; div.grow-1.bg-000.d-flex.flex-column.w-100.ai-center.BaseLayoutDesktop_BaseLayoutDesktop__content__qBCkO.container-xl-w.px-6 &gt; div:nth-child(2) &gt; div &gt; ul.pt-3-lg &gt; li &gt; div:nth-child(1) &gt; div &gt; section &gt; div &gt; div &gt; div.pos-relative.br-list-vertical-no-padding-200 &gt; div.bg-000.py-4.mx-5.pr-4-lg &gt; div.cartItem_CartItem__grid__Kr1In &gt; div:nth-child(3) &gt; div &gt; button:nth-child(3) &gt; div &gt; svg'.</msg>
<status status="PASS" starttime="20220508 14:11:39.696" endtime="20220508 14:11:39.808"/>
</kw>
<status status="PASS" starttime="20220508 14:11:38.770" endtime="20220508 14:11:39.809"/>
</kw>
<kw name="Verify" library="Delete">
<kw name="Wait Until Element Is Visible" library="SeleniumLibrary">
<arg>${emptyBaskeTitle}</arg>
<doc>Waits until the element ``locator`` is visible.</doc>
<status status="PASS" starttime="20220508 14:11:39.810" endtime="20220508 14:11:40.093"/>
</kw>
<kw name="Page Should Contain Element" library="SeleniumLibrary">
<arg>${emptyBaskeTitle}</arg>
<doc>Verifies that element ``locator`` is found on the current page.</doc>
<msg timestamp="20220508 14:11:40.143" level="INFO">Current page contains element '//body/div[@id='__next']/div[1]/div[3]/div[3]/div[2]/div[1]/ul[2]/li[1]/div[1]/div[1]/section[1]/div[1]/div[1]/p[1]'.</msg>
<status status="PASS" starttime="20220508 14:11:40.094" endtime="20220508 14:11:40.143"/>
</kw>
<status status="PASS" starttime="20220508 14:11:39.809" endtime="20220508 14:11:40.143"/>
</kw>
<kw name="Finish TestCase" library="CommonFunctionality" type="TEARDOWN">
<kw name="Close Browser" library="SeleniumLibrary">
<doc>Closes the current browser.</doc>
<status status="PASS" starttime="20220508 14:11:40.147" endtime="20220508 14:11:43.750"/>
</kw>
<status status="PASS" starttime="20220508 14:11:40.145" endtime="20220508 14:11:43.751"/>
</kw>
<status status="PASS" starttime="20220508 14:10:47.801" endtime="20220508 14:11:43.753"/>
</test>
<doc>this is a test for buying a special product</doc>
<status status="PASS" starttime="20220508 14:10:47.454" endtime="20220508 14:11:43.760"/>
</suite>
<statistics>
<total>
<stat pass="1" fail="0" skip="0">All Tests</stat>
</total>
<tag>
</tag>
<suite>
<stat pass="1" fail="0" skip="0" id="s1" name="DeleteProduct">DeleteProduct</stat>
</suite>
</statistics>
<errors>
</errors>
</robot>
